<?xml version="1.0" encoding="UTF-8"?>
<testsuite name="upei.project.StrategyTest" tests="8" skipped="0" failures="0" errors="0" timestamp="2025-09-16T18:31:45" hostname="GOD_ELIJAH" time="0.017">
  <properties/>
  <testcase name="testRubyPrioritySeeker()" classname="upei.project.StrategyTest" time="0.001"/>
  <testcase name="testRelicHunter()" classname="upei.project.StrategyTest" time="0.001"/>
  <testcase name="testCalculatedGambler()" classname="upei.project.StrategyTest" time="0.001"/>
  <testcase name="testAggressiveDiamondSeeker()" classname="upei.project.StrategyTest" time="0.001"/>
  <testcase name="testCautiousCollector()" classname="upei.project.StrategyTest" time="0.001"/>
  <testcase name="testRecklessRiskTaker()" classname="upei.project.StrategyTest" time="0.001"/>
  <testcase name="testTreasureHoarder()" classname="upei.project.StrategyTest" time="0.002"/>
  <testcase name="testMilestoneSeeker()" classname="upei.project.StrategyTest" time="0.002"/>
  <system-out><![CDATA[]]></system-out>
  <system-err><![CDATA[]]></system-err>
</testsuite>
