<?xml version="1.0" encoding="UTF-8"?>
<testsuite name="upei.project.TrapTokenTest" tests="4" skipped="0" failures="0" errors="0" timestamp="2025-09-16T18:31:45" hostname="GOD_ELIJAH" time="0.01">
  <properties/>
  <testcase name="trapTokenPerformsAction()" classname="upei.project.TrapTokenTest" time="0.002"/>
  <testcase name="testTrapNameAndDescription()" classname="upei.project.TrapTokenTest" time="0.001"/>
  <testcase name="allTrapTokensHaveDescriptions()" classname="upei.project.TrapTokenTest" time="0.001"/>
  <testcase name="trapTokenOutputsCorrectMessage()" classname="upei.project.TrapTokenTest" time="0.003"/>
  <system-out><![CDATA[Explorer strides boldly into the cave
Explorer encountered a trap: SNAKES! Venomous snakes slither in the darkness!
Disaster! Explorer was forced out of the cave and lost all their loot!
]]></system-out>
  <system-err><![CDATA[]]></system-err>
</testsuite>
