<?xml version="1.0" encoding="UTF-8"?>
<testsuite name="upei.project.ExpeditionDeckTest" tests="7" skipped="0" failures="0" errors="0" timestamp="2025-09-16T18:31:45" hostname="GOD_ELIJAH" time="0.056">
  <properties/>
  <testcase name="testInitialDeckSize()" classname="upei.project.ExpeditionDeckTest" time="0.009"/>
  <testcase name="testTreasureTokenCount()" classname="upei.project.ExpeditionDeckTest" time="0.005"/>
  <testcase name="testTrapTokenCount()" classname="upei.project.ExpeditionDeckTest" time="0.004"/>
  <testcase name="testShowCardRemovesToken()" classname="upei.project.ExpeditionDeckTest" time="0.004"/>
  <testcase name="testRelicTokenCount()" classname="upei.project.ExpeditionDeckTest" time="0.003"/>
  <testcase name="testShuffleChangesOrder()" classname="upei.project.ExpeditionDeckTest" time="0.004"/>
  <testcase name="testDrawTokenFromEmptyDeck()" classname="upei.project.ExpeditionDeckTest" time="0.011"/>
  <system-out><![CDATA[No more tokens in the deck!
]]></system-out>
  <system-err><![CDATA[]]></system-err>
</testsuite>
