<?xml version="1.0" encoding="UTF-8"?>
<testsuite name="upei.project.TreasureTokenTest" tests="4" skipped="0" failures="0" errors="0" timestamp="2025-09-16T18:31:45" hostname="GOD_ELIJAH" time="0.021">
  <properties/>
  <testcase name="treasureTokenInitialization()" classname="upei.project.TreasureTokenTest" time="0.001"/>
  <testcase name="performActionWithRubyToken()" classname="upei.project.TreasureTokenTest" time="0.002"/>
  <testcase name="performActionWithDiamondToken()" classname="upei.project.TreasureTokenTest" time="0.001"/>
  <testcase name="toStringRepresentation()" classname="upei.project.TreasureTokenTest" time="0.009"/>
  <system-out><![CDATA[]]></system-out>
  <system-err><![CDATA[]]></system-err>
</testsuite>
