<?xml version="1.0" encoding="UTF-8"?>
<testsuite name="upei.project.AdventureTokenTest" tests="3" skipped="0" failures="0" errors="0" timestamp="2025-09-16T18:31:45" hostname="GOD_ELIJAH" time="0.012">
  <properties/>
  <testcase name="testGetTitle()" classname="upei.project.AdventureTokenTest" time="0.006"/>
  <testcase name="testTitleChange()" classname="upei.project.AdventureTokenTest" time="0.001"/>
  <testcase name="testActivateMethod()" classname="upei.project.AdventureTokenTest" time="0.003"/>
  <system-out><![CDATA[]]></system-out>
  <system-err><![CDATA[]]></system-err>
</testsuite>
